<?xml version="1.0" encoding="UTF-8"?>
<!-- Generated by org.testng.reporters.JUnitReportReporter -->
<testsuite hostname="LAPTOP-KQN6IMR6" failures="0" tests="1" name="test.UnitTests" time="0.265" errors="0" timestamp="2022-05-06T14:29:27 COT" skipped="0">
  <testcase classname="test.UnitTests" name="checkInsertGetUpdateBook" time="0.265"/>
  <system-out/>
</testsuite> <!-- test.UnitTests -->
